<?xml version="1.0" encoding="UTF-8"?>
<testsuite xmlns:xsi="http://www.w3.org/2001/XMLSchema-instance" xsi:noNamespaceSchemaLocation="https://maven.apache.org/surefire/maven-surefire-plugin/xsd/surefire-test-report.xsd" name="com.example.CalculatorServletTest" time="0.021" tests="7" errors="0" skipped="0" failures="2">
  <properties>
    <property name="sun.desktop" value="gnome"/>
    <property name="awt.toolkit" value="sun.awt.X11.XToolkit"/>
    <property name="java.specification.version" value="11"/>
    <property name="sun.cpu.isalist" value=""/>
    <property name="sun.jnu.encoding" value="UTF-8"/>
    <property name="java.class.path" value="/home/saqeeb/Documents/DevSecOps/calulator-webapp/target/test-classes:/home/saqeeb/Documents/DevSecOps/calulator-webapp/target/classes:/home/saqeeb/.m2/repository/javax/servlet/javax.servlet-api/4.0.1/javax.servlet-api-4.0.1.jar:/home/saqeeb/.m2/repository/junit/junit/4.13.2/junit-4.13.2.jar:/home/saqeeb/.m2/repository/org/hamcrest/hamcrest-core/1.3/hamcrest-core-1.3.jar:/home/saqeeb/.m2/repository/org/junit/jupiter/junit-jupiter/5.10.0/junit-jupiter-5.10.0.jar:/home/saqeeb/.m2/repository/org/junit/jupiter/junit-jupiter-api/5.10.0/junit-jupiter-api-5.10.0.jar:/home/saqeeb/.m2/repository/org/opentest4j/opentest4j/1.3.0/opentest4j-1.3.0.jar:/home/saqeeb/.m2/repository/org/junit/platform/junit-platform-commons/1.10.0/junit-platform-commons-1.10.0.jar:/home/saqeeb/.m2/repository/org/apiguardian/apiguardian-api/1.1.2/apiguardian-api-1.1.2.jar:/home/saqeeb/.m2/repository/org/junit/jupiter/junit-jupiter-params/5.10.0/junit-jupiter-params-5.10.0.jar:/home/saqeeb/.m2/repository/org/junit/jupiter/junit-jupiter-engine/5.10.0/junit-jupiter-engine-5.10.0.jar:/home/saqeeb/.m2/repository/org/junit/platform/junit-platform-engine/1.10.0/junit-platform-engine-1.10.0.jar:/home/saqeeb/.m2/repository/org/mockito/mockito-core/5.11.0/mockito-core-5.11.0.jar:/home/saqeeb/.m2/repository/net/bytebuddy/byte-buddy/1.14.12/byte-buddy-1.14.12.jar:/home/saqeeb/.m2/repository/net/bytebuddy/byte-buddy-agent/1.14.12/byte-buddy-agent-1.14.12.jar:/home/saqeeb/.m2/repository/org/objenesis/objenesis/3.3/objenesis-3.3.jar:/home/saqeeb/.m2/repository/org/mockito/mockito-junit-jupiter/5.11.0/mockito-junit-jupiter-5.11.0.jar:"/>
    <property name="java.vm.vendor" value="Ubuntu"/>
    <property name="sun.arch.data.model" value="64"/>
    <property name="java.vendor.url" value="https://ubuntu.com/"/>
    <property name="user.timezone" value=""/>
    <property name="java.vm.specification.version" value="11"/>
    <property name="os.name" value="Linux"/>
    <property name="sun.java.launcher" value="SUN_STANDARD"/>
    <property name="user.country" value="GB"/>
    <property name="sun.boot.library.path" value="/usr/lib/jvm/java-11-openjdk-amd64/lib"/>
    <property name="sun.java.command" value="/home/saqeeb/Documents/DevSecOps/calulator-webapp/target/surefire/surefirebooter8809978220924344083.jar /home/saqeeb/Documents/DevSecOps/calulator-webapp/target/surefire 2025-05-28T18-17-18_369-jvmRun1 surefire8152241094863636418tmp surefire_014013677014510432923tmp"/>
    <property name="jdk.debug" value="release"/>
    <property name="surefire.test.class.path" value="/home/saqeeb/Documents/DevSecOps/calulator-webapp/target/test-classes:/home/saqeeb/Documents/DevSecOps/calulator-webapp/target/classes:/home/saqeeb/.m2/repository/javax/servlet/javax.servlet-api/4.0.1/javax.servlet-api-4.0.1.jar:/home/saqeeb/.m2/repository/junit/junit/4.13.2/junit-4.13.2.jar:/home/saqeeb/.m2/repository/org/hamcrest/hamcrest-core/1.3/hamcrest-core-1.3.jar:/home/saqeeb/.m2/repository/org/junit/jupiter/junit-jupiter/5.10.0/junit-jupiter-5.10.0.jar:/home/saqeeb/.m2/repository/org/junit/jupiter/junit-jupiter-api/5.10.0/junit-jupiter-api-5.10.0.jar:/home/saqeeb/.m2/repository/org/opentest4j/opentest4j/1.3.0/opentest4j-1.3.0.jar:/home/saqeeb/.m2/repository/org/junit/platform/junit-platform-commons/1.10.0/junit-platform-commons-1.10.0.jar:/home/saqeeb/.m2/repository/org/apiguardian/apiguardian-api/1.1.2/apiguardian-api-1.1.2.jar:/home/saqeeb/.m2/repository/org/junit/jupiter/junit-jupiter-params/5.10.0/junit-jupiter-params-5.10.0.jar:/home/saqeeb/.m2/repository/org/junit/jupiter/junit-jupiter-engine/5.10.0/junit-jupiter-engine-5.10.0.jar:/home/saqeeb/.m2/repository/org/junit/platform/junit-platform-engine/1.10.0/junit-platform-engine-1.10.0.jar:/home/saqeeb/.m2/repository/org/mockito/mockito-core/5.11.0/mockito-core-5.11.0.jar:/home/saqeeb/.m2/repository/net/bytebuddy/byte-buddy/1.14.12/byte-buddy-1.14.12.jar:/home/saqeeb/.m2/repository/net/bytebuddy/byte-buddy-agent/1.14.12/byte-buddy-agent-1.14.12.jar:/home/saqeeb/.m2/repository/org/objenesis/objenesis/3.3/objenesis-3.3.jar:/home/saqeeb/.m2/repository/org/mockito/mockito-junit-jupiter/5.11.0/mockito-junit-jupiter-5.11.0.jar:"/>
    <property name="sun.cpu.endian" value="little"/>
    <property name="user.home" value="/home/saqeeb"/>
    <property name="user.language" value="en"/>
    <property name="java.specification.vendor" value="Oracle Corporation"/>
    <property name="java.version.date" value="2025-04-15"/>
    <property name="java.home" value="/usr/lib/jvm/java-11-openjdk-amd64"/>
    <property name="file.separator" value="/"/>
    <property name="basedir" value="/home/saqeeb/Documents/DevSecOps/calulator-webapp"/>
    <property name="java.vm.compressedOopsMode" value="Zero based"/>
    <property name="line.separator" value="&#10;"/>
    <property name="java.specification.name" value="Java Platform API Specification"/>
    <property name="java.vm.specification.vendor" value="Oracle Corporation"/>
    <property name="java.awt.graphicsenv" value="sun.awt.X11GraphicsEnvironment"/>
    <property name="surefire.real.class.path" value="/home/saqeeb/Documents/DevSecOps/calulator-webapp/target/surefire/surefirebooter8809978220924344083.jar"/>
    <property name="sun.management.compiler" value="HotSpot 64-Bit Tiered Compilers"/>
    <property name="java.runtime.version" value="11.0.27+6-post-Ubuntu-0ubuntu120.04"/>
    <property name="user.name" value="saqeeb"/>
    <property name="path.separator" value=":"/>
    <property name="os.version" value="5.15.0-139-generic"/>
    <property name="java.runtime.name" value="OpenJDK Runtime Environment"/>
    <property name="file.encoding" value="UTF-8"/>
    <property name="java.vm.name" value="OpenJDK 64-Bit Server VM"/>
    <property name="localRepository" value="/home/saqeeb/.m2/repository"/>
    <property name="java.vendor.url.bug" value="https://bugs.launchpad.net/ubuntu/+source/openjdk-lts"/>
    <property name="java.io.tmpdir" value="/tmp"/>
    <property name="java.version" value="11.0.27"/>
    <property name="user.dir" value="/home/saqeeb/Documents/DevSecOps/calulator-webapp"/>
    <property name="os.arch" value="amd64"/>
    <property name="java.vm.specification.name" value="Java Virtual Machine Specification"/>
    <property name="java.awt.printerjob" value="sun.print.PSPrinterJob"/>
    <property name="sun.os.patch.level" value="unknown"/>
    <property name="java.library.path" value="/usr/java/packages/lib:/usr/lib/x86_64-linux-gnu/jni:/lib/x86_64-linux-gnu:/usr/lib/x86_64-linux-gnu:/usr/lib/jni:/lib:/usr/lib"/>
    <property name="java.vm.info" value="mixed mode, sharing"/>
    <property name="java.vendor" value="Ubuntu"/>
    <property name="java.vm.version" value="11.0.27+6-post-Ubuntu-0ubuntu120.04"/>
    <property name="java.specification.maintenance.version" value="3"/>
    <property name="sun.io.unicode.encoding" value="UnicodeLittle"/>
    <property name="java.class.version" value="55.0"/>
  </properties>
  <testcase name="testInvalidInputHandling" classname="com.example.CalculatorServletTest" time="0"/>
  <testcase name="testMultiplication" classname="com.example.CalculatorServletTest" time="0"/>
  <testcase name="testAddition" classname="com.example.CalculatorServletTest" time="0"/>
  <testcase name="testDivisionByZero" classname="com.example.CalculatorServletTest" time="0.007">
    <failure type="java.lang.AssertionError">java.lang.AssertionError
	at com.example.CalculatorServletTest.testOperation(CalculatorServletTest.java:38)
	at com.example.CalculatorServletTest.testDivisionByZero(CalculatorServletTest.java:45)
</failure>
  </testcase>
  <testcase name="testDivision" classname="com.example.CalculatorServletTest" time="0.003"/>
  <testcase name="testGetMethod" classname="com.example.CalculatorServletTest" time="0.004">
    <failure message="&#10;httpServletResponse.getWriter();&#10;Wanted 1 time:&#10;-&gt; at com.example.CalculatorServletTest.testGetMethod(CalculatorServletTest.java:70)&#10;But was 4 times:&#10;-&gt; at com.example.CalculatorServlet.doGet(CalculatorServlet.java:15)&#10;-&gt; at com.example.CalculatorServlet.doGet(CalculatorServlet.java:16)&#10;-&gt; at com.example.CalculatorServlet.doGet(CalculatorServlet.java:17)&#10;-&gt; at com.example.CalculatorServlet.doGet(CalculatorServlet.java:18)&#10;&#10;" type="org.mockito.exceptions.verification.TooManyActualInvocations">org.mockito.exceptions.verification.TooManyActualInvocations: 

httpServletResponse.getWriter();
Wanted 1 time:
-> at com.example.CalculatorServletTest.testGetMethod(CalculatorServletTest.java:70)
But was 4 times:
-> at com.example.CalculatorServlet.doGet(CalculatorServlet.java:15)
-> at com.example.CalculatorServlet.doGet(CalculatorServlet.java:16)
-> at com.example.CalculatorServlet.doGet(CalculatorServlet.java:17)
-> at com.example.CalculatorServlet.doGet(CalculatorServlet.java:18)


	at com.example.CalculatorServletTest.testGetMethod(CalculatorServletTest.java:70)
</failure>
  </testcase>
  <testcase name="testSubtraction" classname="com.example.CalculatorServletTest" time="0.002"/>
</testsuite>